2025-04-04 08:23:05.808748 - Received CBT.V508.FILE354.PDS from FILE354.XMI 
2025-04-04 08:23:05.811707 - Found $$$$$DOC.txt (text/plain) in CBT.V508.FILE354.PDS, moved to PDS/$$$$$DOC
2025-04-04 08:23:05.811867 - Found $$$#DATE.txt (text/plain) in CBT.V508.FILE354.PDS, moved to PDS/$$$#DATE
2025-04-04 08:23:05.812018 - Found $$DOCBAC.txt (text/plain) in CBT.V508.FILE354.PDS, moved to PDS/$$DOCBAC
2025-04-04 08:23:05.812147 - Found $$DOCDIS.txt (text/plain) in CBT.V508.FILE354.PDS, moved to PDS/$$DOCDIS
2025-04-04 08:23:05.812273 - Found $ASM.jcl (text/plain) in CBT.V508.FILE354.PDS, moved to PDS/$ASM
2025-04-04 08:23:05.812396 - Found $REQU.txt (text/plain) in CBT.V508.FILE354.PDS, moved to PDS/$REQU
2025-04-04 08:23:05.812618 - Found @FILE354.txt (text/plain) in CBT.V508.FILE354.PDS, moved to PDS/@FILE354
2025-04-04 08:23:05.812807 - Found A31BITMD.jcl (text/plain) in CBT.V508.FILE354.PDS, moved to PDS/A31BITMD
2025-04-04 08:23:05.813187 - Found BACKDSNS.jcl (text/plain) in CBT.V508.FILE354.PDS, moved to PDS/BACKDSNS
2025-04-04 08:23:05.813329 - Found BACKSAMP.jcl (text/plain) in CBT.V508.FILE354.PDS, moved to PDS/BACKSAMP
2025-04-04 08:23:05.813461 - Found BACKSAM2.jcl (text/plain) in CBT.V508.FILE354.PDS, moved to PDS/BACKSAM2
2025-04-04 08:23:05.813581 - Found BLNKSCRN.txt (text/plain) in CBT.V508.FILE354.PDS, moved to PDS/BLNKSCRN
2025-04-04 08:23:05.813712 - Found CALLIDC.jcl (text/plain) in CBT.V508.FILE354.PDS, moved to PDS/CALLIDC
2025-04-04 08:23:05.813860 - Found CALLIDCT.jcl (text/plain) in CBT.V508.FILE354.PDS, moved to PDS/CALLIDCT
2025-04-04 08:23:05.813994 - Found CBTJCL.jcl (text/plain) in CBT.V508.FILE354.PDS, moved to PDS/CBTJCL
2025-04-04 08:23:05.814132 - Found CDSCB.jcl (text/plain) in CBT.V508.FILE354.PDS, moved to PDS/CDSCB
2025-04-04 08:23:05.814260 - Found CHKOTMA.jcl (text/plain) in CBT.V508.FILE354.PDS, moved to PDS/CHKOTMA
2025-04-04 08:23:05.814417 - Found CHKOTMAR.rexx (text/plain) in CBT.V508.FILE354.PDS, moved to PDS/CHKOTMAR
2025-04-04 08:23:05.814540 - Found CLIST.txt (text/plain) in CBT.V508.FILE354.PDS, moved to PDS/CLIST
2025-04-04 08:23:05.814665 - Found CLIST2.txt (text/plain) in CBT.V508.FILE354.PDS, moved to PDS/CLIST2
2025-04-04 08:23:05.814976 - Found DATEFB.jcl (text/plain) in CBT.V508.FILE354.PDS, moved to PDS/DATEFB
2025-04-04 08:23:05.815146 - Found DATEFBJ.jcl (text/plain) in CBT.V508.FILE354.PDS, moved to PDS/DATEFBJ
2025-04-04 08:23:05.815317 - Found DATEVB.jcl (text/plain) in CBT.V508.FILE354.PDS, moved to PDS/DATEVB
2025-04-04 08:23:05.815465 - Found DATEVBJ.jcl (text/plain) in CBT.V508.FILE354.PDS, moved to PDS/DATEVBJ
2025-04-04 08:23:05.815608 - Found DAYDATE.jcl (text/plain) in CBT.V508.FILE354.PDS, moved to PDS/DAYDATE
2025-04-04 08:23:05.815734 - Found DELMEMS.jcl (text/plain) in CBT.V508.FILE354.PDS, moved to PDS/DELMEMS
2025-04-04 08:23:05.815861 - Found DELMEMSJ.jcl (text/plain) in CBT.V508.FILE354.PDS, moved to PDS/DELMEMSJ
2025-04-04 08:23:05.815984 - Found DISALINK.jcl (text/plain) in CBT.V508.FILE354.PDS, moved to PDS/DISALINK
2025-04-04 08:23:05.816120 - Found DISASM.jcl (text/plain) in CBT.V508.FILE354.PDS, moved to PDS/DISASM
2025-04-04 08:23:05.816254 - Found DISASM1.jcl (text/plain) in CBT.V508.FILE354.PDS, moved to PDS/DISASM1
2025-04-04 08:23:05.816394 - Found DISASM2.jcl (text/plain) in CBT.V508.FILE354.PDS, moved to PDS/DISASM2
2025-04-04 08:23:05.816508 - Found DISASM3A.txt (text/plain) in CBT.V508.FILE354.PDS, moved to PDS/DISASM3A
2025-04-04 08:23:05.816624 - Found DISASM3B.txt (text/plain) in CBT.V508.FILE354.PDS, moved to PDS/DISASM3B
2025-04-04 08:23:05.816741 - Found DISASPRM.txt (text/plain) in CBT.V508.FILE354.PDS, moved to PDS/DISASPRM
2025-04-04 08:23:05.816871 - Found DISASRUN.jcl (text/plain) in CBT.V508.FILE354.PDS, moved to PDS/DISASRUN
2025-04-04 08:23:05.817005 - Found DSB.rexx (text/plain) in CBT.V508.FILE354.PDS, moved to PDS/DSB
2025-04-04 08:23:05.817179 - Found DSPACE.jcl (text/plain) in CBT.V508.FILE354.PDS, moved to PDS/DSPACE
2025-04-04 08:23:05.817298 - Found ENQ.jcl (text/plain) in CBT.V508.FILE354.PDS, moved to PDS/ENQ
2025-04-04 08:23:05.817419 - Found FILEDUMJ.jcl (text/plain) in CBT.V508.FILE354.PDS, moved to PDS/FILEDUMJ
2025-04-04 08:23:05.817556 - Found FILEDUMP.jcl (text/plain) in CBT.V508.FILE354.PDS, moved to PDS/FILEDUMP
2025-04-04 08:23:05.817665 - Found FREEALL.jcl (text/plain) in CBT.V508.FILE354.PDS, moved to PDS/FREEALL
2025-04-04 08:23:05.817780 - Found GENQ.jcl (text/plain) in CBT.V508.FILE354.PDS, moved to PDS/GENQ
2025-04-04 08:23:05.817895 - Found GENQCLST.txt (text/plain) in CBT.V508.FILE354.PDS, moved to PDS/GENQCLST
2025-04-04 08:23:05.818012 - Found GETDSNS.jcl (text/plain) in CBT.V508.FILE354.PDS, moved to PDS/GETDSNS
2025-04-04 08:23:05.818144 - Found GETDSNSJ.jcl (text/plain) in CBT.V508.FILE354.PDS, moved to PDS/GETDSNSJ
2025-04-04 08:23:05.818264 - Found HALLDUMP.jcl (text/plain) in CBT.V508.FILE354.PDS, moved to PDS/HALLDUMP
2025-04-04 08:23:05.818412 - Found HDUMP.txt (text/plain) in CBT.V508.FILE354.PDS, moved to PDS/HDUMP
2025-04-04 08:23:05.818544 - Found HLASMC.txt (text/plain) in CBT.V508.FILE354.PDS, moved to PDS/HLASMC
2025-04-04 08:23:05.818664 - Found HLASMCL.txt (text/plain) in CBT.V508.FILE354.PDS, moved to PDS/HLASMCL
2025-04-04 08:23:05.818779 - Found HOWBACK.txt (text/plain) in CBT.V508.FILE354.PDS, moved to PDS/HOWBACK
2025-04-04 08:23:05.818891 - Found HOWDISAS.jcl (text/plain) in CBT.V508.FILE354.PDS, moved to PDS/HOWDISAS
2025-04-04 08:23:05.819006 - Found HOWFDUMP.jcl (text/plain) in CBT.V508.FILE354.PDS, moved to PDS/HOWFDUMP
2025-04-04 08:23:05.819138 - Found HOWHDUMP.txt (text/plain) in CBT.V508.FILE354.PDS, moved to PDS/HOWHDUMP
2025-04-04 08:23:05.819258 - Found HOWPRINT.jcl (text/plain) in CBT.V508.FILE354.PDS, moved to PDS/HOWPRINT
2025-04-04 08:23:05.819377 - Found HOWSETDT.txt (text/plain) in CBT.V508.FILE354.PDS, moved to PDS/HOWSETDT
2025-04-04 08:23:05.819524 - Found HOWTCOPY.jcl (text/plain) in CBT.V508.FILE354.PDS, moved to PDS/HOWTCOPY
2025-04-04 08:23:05.819645 - Found HOWVSPLT.jcl (text/plain) in CBT.V508.FILE354.PDS, moved to PDS/HOWVSPLT
2025-04-04 08:23:05.819766 - Found IUTDEL.jcl (text/plain) in CBT.V508.FILE354.PDS, moved to PDS/IUTDEL
2025-04-04 08:23:05.819880 - Found IUTDELJ.jcl (text/plain) in CBT.V508.FILE354.PDS, moved to PDS/IUTDELJ
2025-04-04 08:23:05.819998 - Found JDATE.jcl (text/plain) in CBT.V508.FILE354.PDS, moved to PDS/JDATE
2025-04-04 08:23:05.820112 - Found JOBNAME.jcl (text/plain) in CBT.V508.FILE354.PDS, moved to PDS/JOBNAME
2025-04-04 08:23:05.820224 - Found LINKDATE.jcl (text/plain) in CBT.V508.FILE354.PDS, moved to PDS/LINKDATE
2025-04-04 08:23:05.820357 - Found LINKDATJ.jcl (text/plain) in CBT.V508.FILE354.PDS, moved to PDS/LINKDATJ
2025-04-04 08:23:05.820472 - Found MACROS.txt (text/plain) in CBT.V508.FILE354.PDS, moved to PDS/MACROS
2025-04-04 08:23:05.820600 - Found MEMLIST.jcl (text/plain) in CBT.V508.FILE354.PDS, moved to PDS/MEMLIST
2025-04-04 08:23:05.820721 - Found MEMLISTJ.jcl (text/plain) in CBT.V508.FILE354.PDS, moved to PDS/MEMLISTJ
2025-04-04 08:23:05.820853 - Found MOD.txt (text/plain) in CBT.V508.FILE354.PDS, moved to PDS/MOD
2025-04-04 08:23:05.820963 - Found OLDDOC.txt (text/plain) in CBT.V508.FILE354.PDS, moved to PDS/OLDDOC
2025-04-04 08:23:05.821081 - Found PGMDATEJ.jcl (text/plain) in CBT.V508.FILE354.PDS, moved to PDS/PGMDATEJ
2025-04-04 08:23:05.821208 - Found PRINTDOC.jcl (text/plain) in CBT.V508.FILE354.PDS, moved to PDS/PRINTDOC
2025-04-04 08:23:05.821333 - Found REQU.txt (text/plain) in CBT.V508.FILE354.PDS, moved to PDS/REQU
2025-04-04 08:23:05.821468 - Found RUNDIS.jcl (text/plain) in CBT.V508.FILE354.PDS, moved to PDS/RUNDIS
2025-04-04 08:23:05.821584 - Found SETDATE.jcl (text/plain) in CBT.V508.FILE354.PDS, moved to PDS/SETDATE
2025-04-04 08:23:05.821698 - Found SETDATEC.jcl (text/plain) in CBT.V508.FILE354.PDS, moved to PDS/SETDATEC
2025-04-04 08:23:05.821815 - Found SETDATEJ.jcl (text/plain) in CBT.V508.FILE354.PDS, moved to PDS/SETDATEJ
2025-04-04 08:23:05.821936 - Found SMFEXIT.jcl (text/plain) in CBT.V508.FILE354.PDS, moved to PDS/SMFEXIT
2025-04-04 08:23:05.822047 - Found SUBEDIT.jcl (text/plain) in CBT.V508.FILE354.PDS, moved to PDS/SUBEDIT
2025-04-04 08:23:05.822162 - Found SUBEDITJ.txt (text/plain) in CBT.V508.FILE354.PDS, moved to PDS/SUBEDITJ
2025-04-04 08:23:05.822282 - Found SVLNK.bin (application/octet-stream) in CBT.V508.FILE354.PDS, moved to PDS/SVLNK
2025-04-04 08:23:05.822395 - Found SYSIN.txt (text/plain) in CBT.V508.FILE354.PDS, moved to PDS/SYSIN
2025-04-04 08:23:05.822524 - Found TAPECOPJ.jcl (text/plain) in CBT.V508.FILE354.PDS, moved to PDS/TAPECOPJ
2025-04-04 08:23:05.822675 - Found TAPECOPY.jcl (text/plain) in CBT.V508.FILE354.PDS, moved to PDS/TAPECOPY
2025-04-04 08:23:05.822800 - Found VSPLIT.jcl (text/plain) in CBT.V508.FILE354.PDS, moved to PDS/VSPLIT
2025-04-04 08:23:05.822931 - Found VSPLITJ.jcl (text/plain) in CBT.V508.FILE354.PDS, moved to PDS/VSPLITJ
2025-04-04 08:23:05.823042 - Found WHOAMI.jcl (text/plain) in CBT.V508.FILE354.PDS, moved to PDS/WHOAMI
2025-04-04 08:23:05.823155 - Found YRDOC.txt (text/plain) in CBT.V508.FILE354.PDS, moved to PDS/YRDOC
2025-04-04 08:23:05.823274 - Found YR2000.jcl (text/plain) in CBT.V508.FILE354.PDS, moved to PDS/YR2000
2025-04-04 08:23:05.823395 - Found YR2000J.jcl (text/plain) in CBT.V508.FILE354.PDS, moved to PDS/YR2000J
2025-04-04 08:23:05.823523 - Found ZELLERS.txt (text/plain) in CBT.V508.FILE354.PDS, moved to PDS/ZELLERS
